<?xml version="1.0" encoding="UTF-8"?>
<!-- Generated by org.testng.reporters.JUnitXMLReporter -->
<testsuite hostname="yogita325401" ignored="0" name="Default test" tests="4" failures="0" timestamp="14 Sep 2017 08:36:53 GMT" time="0.066" errors="0">
  <testcase name="@BeforeClass initializeTestBaseSetup" time="0.0" classname="com.tests.BaseClassTest">
    <failure type="org.testng.TestNGException" message="
Parameter &amp;apos;browser&amp;apos; is required by BeforeClass on method initializeTestBaseSetup but has not been marked @Optional or defined
in C:\Users\yogitachandra\AppData\Local\Temp\testng-eclipse-1133101827\testng-customsuite.xml">
      <![CDATA[org.testng.TestNGException: 
Parameter 'browser' is required by BeforeClass on method initializeTestBaseSetup but has not been marked @Optional or defined
in C:\Users\yogitachandra\AppData\Local\Temp\testng-eclipse-1133101827\testng-customsuite.xml
	at org.testng.internal.Parameters.createParams(Parameters.java:248)
	at org.testng.internal.Parameters.createParametersForMethod(Parameters.java:286)
	at org.testng.internal.Parameters.createParameters(Parameters.java:547)
	at org.testng.internal.Parameters.createConfigurationParameters(Parameters.java:150)
	at org.testng.internal.Invoker.invokeConfigurations(Invoker.java:206)
	at org.testng.internal.Invoker.invokeConfigurations(Invoker.java:146)
	at org.testng.internal.TestMethodWorker.invokeBeforeClassMethods(TestMethodWorker.java:165)
	at org.testng.internal.TestMethodWorker.run(TestMethodWorker.java:105)
	at org.testng.TestRunner.privateRun(TestRunner.java:776)
	at org.testng.TestRunner.run(TestRunner.java:634)
	at org.testng.SuiteRunner.runTest(SuiteRunner.java:425)
	at org.testng.SuiteRunner.runSequentially(SuiteRunner.java:420)
	at org.testng.SuiteRunner.privateRun(SuiteRunner.java:385)
	at org.testng.SuiteRunner.run(SuiteRunner.java:334)
	at org.testng.SuiteRunnerWorker.runSuite(SuiteRunnerWorker.java:52)
	at org.testng.SuiteRunnerWorker.run(SuiteRunnerWorker.java:86)
	at org.testng.TestNG.runSuitesSequentially(TestNG.java:1318)
	at org.testng.TestNG.runSuitesLocally(TestNG.java:1243)
	at org.testng.TestNG.runSuites(TestNG.java:1161)
	at org.testng.TestNG.run(TestNG.java:1129)
	at org.testng.remote.AbstractRemoteTestNG.run(AbstractRemoteTestNG.java:114)
	at org.testng.remote.RemoteTestNG.initAndRun(RemoteTestNG.java:251)
	at org.testng.remote.RemoteTestNG.main(RemoteTestNG.java:77)
]]>
    </failure>
  </testcase> <!-- @BeforeClass initializeTestBaseSetup -->
  <testcase name="@AfterMethod cleanUp" time="0.0" classname="com.tests.BaseClassTest">
    <skipped/>
  </testcase> <!-- @AfterMethod cleanUp -->
  <testcase name="@AfterMethod cleanUp" time="0.0" classname="com.tests.BaseClassTest">
    <skipped/>
  </testcase> <!-- @AfterMethod cleanUp -->
  <testcase name="@AfterMethod cleanUp" time="0.0" classname="com.tests.BaseClassTest">
    <skipped/>
  </testcase> <!-- @AfterMethod cleanUp -->
  <testcase name="@AfterMethod cleanUp" time="0.0" classname="com.tests.BaseClassTest">
    <skipped/>
  </testcase> <!-- @AfterMethod cleanUp -->
  <testcase name="@AfterClass tearDown" time="0.0" classname="com.tests.BaseClassTest">
    <skipped/>
  </testcase> <!-- @AfterClass tearDown -->
  <testcase name="testEmptyAddress" time="0.0" classname="com.tests.SearchTest">
    <skipped/>
  </testcase> <!-- testEmptyAddress -->
  <testcase name="testLocationSuggestion" time="0.0" classname="com.tests.SearchTest">
    <skipped/>
  </testcase> <!-- testLocationSuggestion -->
  <testcase name="testWrongPostalCode" time="0.0" classname="com.tests.SearchTest">
    <skipped/>
  </testcase> <!-- testWrongPostalCode -->
  <testcase name="testValidAddress" time="0.0" classname="com.tests.SearchTest">
    <skipped/>
  </testcase> <!-- testValidAddress -->
</testsuite> <!-- Default test -->
