<?xml version="1.0" encoding="UTF-8"?>
<!-- Generated by org.testng.reporters.JUnitXMLReporter -->
<testsuite hostname="yogita325401" ignored="0" name="sample test" tests="4" failures="0" timestamp="13 Sep 2017 18:17:16 GMT" time="26.774" errors="0">
  <testcase name="testEmptyAddress" time="3.27" classname="com.tests.SearchTest"/>
  <testcase name="testLocationSuggestion" time="2.742" classname="com.tests.SearchTest"/>
  <testcase name="testValidAddress" time="3.14" classname="com.tests.SearchTest"/>
  <testcase name="testWrongPostalCode" time="4.244" classname="com.tests.SearchTest"/>
</testsuite> <!-- sample test -->
