<?xml version="1.0" encoding="UTF-8"?>
<testng-results skipped="0" failed="0" ignored="0" total="1" passed="1">
  <reporter-output>
  </reporter-output>
  <suite name="Default suite" duration-ms="21784" started-at="2017-09-13T20:10:04Z" finished-at="2017-09-13T20:10:26Z">
    <groups>
    </groups>
    <test name="Default test" duration-ms="21784" started-at="2017-09-13T20:10:04Z" finished-at="2017-09-13T20:10:26Z">
      <class name="com.tests.SearchTest">
        <test-method status="PASS" signature="setUp()[pri:0, instance:com.tests.SearchTest@6f7fd0e6]" name="setUp" is-config="true" duration-ms="11960" started-at="2017-09-14T01:40:04Z" finished-at="2017-09-14T01:40:16Z">
          <reporter-output>
          </reporter-output>
        </test-method> <!-- setUp -->
        <test-method status="PASS" signature="testResultInDropdown()[pri:0, instance:com.tests.SearchTest@6f7fd0e6]" name="testResultInDropdown" duration-ms="7598" started-at="2017-09-14T01:40:16Z" finished-at="2017-09-14T01:40:24Z">
          <reporter-output>
          </reporter-output>
        </test-method> <!-- testResultInDropdown -->
        <test-method status="PASS" signature="tearDown()[pri:0, instance:com.tests.SearchTest@6f7fd0e6]" name="tearDown" is-config="true" duration-ms="2188" started-at="2017-09-14T01:40:24Z" finished-at="2017-09-14T01:40:26Z">
          <reporter-output>
          </reporter-output>
        </test-method> <!-- tearDown -->
      </class> <!-- com.tests.SearchTest -->
    </test> <!-- Default test -->
  </suite> <!-- Default suite -->
</testng-results>
